{
  "RSpec": {
    "coverage": {
      "/Users/Victor/Desktop/Desktop/Ruby Workspace/checkpoint-2-fly/spec/rails_helper.rb": [
        null,
        1,
        1,
        null,
        1,
        1,
        1,
        1,
        1,
        1,
        null,
        null,
        null,
        null,
        null,
        null,
        null,
        null,
        null,
        null,
        null,
        null,
        null,
        null,
        null,
        null,
        null,
        null,
        null,
        1,
        null,
        1,
        null,
        null,
        null,
        null,
        null,
        null,
        null,
        2,
        119,
        19,
        119,
        119,
        null,
        1,
        1,
        null,
        1,
        1,
        1,
        null,
        1,
        null,
        null,
        null,
        null,
        null,
        null,
        null,
        null,
        null,
        null,
        null,
        null,
        null,
        null,
        null,
        null,
        null,
        1,
        null,
        null,
        1,
        null,
        null,
        null,
        1
      ],
      "/Users/Victor/Desktop/Desktop/Ruby Workspace/checkpoint-2-fly/config/environment.rb": [
        null,
        1,
        null,
        null,
        1
      ],
      "/Users/Victor/Desktop/Desktop/Ruby Workspace/checkpoint-2-fly/config/application.rb": [
        1,
        null,
        1,
        null,
        null,
        null,
        1,
        null,
        1,
        1,
        null,
        null,
        null,
        1,
        16,
        null,
        null,
        1,
        1,
        null,
        null,
        null,
        null,
        null,
        null,
        1,
        null,
        null,
        null
      ],
      "/Users/Victor/Desktop/Desktop/Ruby Workspace/checkpoint-2-fly/config/boot.rb": [
        1,
        null,
        1
      ],
      "/Users/Victor/Desktop/Desktop/Ruby Workspace/checkpoint-2-fly/config/environments/test.rb": [
        1,
        null,
        null,
        null,
        null,
        null,
        null,
        1,
        null,
        null,
        null,
        null,
        1,
        null,
        null,
        1,
        1,
        null,
        null,
        null,
        null,
        1,
        1,
        null,
        null,
        1,
        null,
        null,
        1,
        1,
        null,
        null,
        null,
        null,
        1,
        null,
        null,
        1,
        null,
        null,
        null,
        null
      ],
      "/Users/Victor/Desktop/Desktop/Ruby Workspace/checkpoint-2-fly/config/initializers/application_controller_renderer.rb": [
        null,
        null,
        null,
        null,
        null,
        null
      ],
      "/Users/Victor/Desktop/Desktop/Ruby Workspace/checkpoint-2-fly/config/initializers/assets.rb": [
        null,
        null,
        null,
        1,
        null,
        null,
        null,
        null,
        null,
        null,
        null
      ],
      "/Users/Victor/Desktop/Desktop/Ruby Workspace/checkpoint-2-fly/config/initializers/backtrace_silencers.rb": [
        null,
        null,
        null,
        null,
        null,
        null,
        null
      ],
      "/Users/Victor/Desktop/Desktop/Ruby Workspace/checkpoint-2-fly/config/initializers/cookies_serializer.rb": [
        null,
        null,
        null,
        null,
        1
      ],
      "/Users/Victor/Desktop/Desktop/Ruby Workspace/checkpoint-2-fly/config/initializers/filter_parameter_logging.rb": [
        null,
        null,
        null,
        1
      ],
      "/Users/Victor/Desktop/Desktop/Ruby Workspace/checkpoint-2-fly/config/initializers/inflections.rb": [
        null,
        null,
        null,
        null,
        null,
        null,
        null,
        null,
        null,
        null,
        null,
        null,
        null,
        null,
        null,
        null
      ],
      "/Users/Victor/Desktop/Desktop/Ruby Workspace/checkpoint-2-fly/config/initializers/mime_types.rb": [
        null,
        null,
        null,
        null
      ],
      "/Users/Victor/Desktop/Desktop/Ruby Workspace/checkpoint-2-fly/config/initializers/new_framework_defaults.rb": [
        null,
        null,
        null,
        null,
        null,
        null,
        null,
        1,
        null,
        null,
        1,
        null,
        null,
        null,
        1,
        null,
        null,
        1,
        null,
        null,
        1,
        null,
        null,
        1
      ],
      "/Users/Victor/Desktop/Desktop/Ruby Workspace/checkpoint-2-fly/config/initializers/session_store.rb": [
        null,
        null,
        1
      ],
      "/Users/Victor/Desktop/Desktop/Ruby Workspace/checkpoint-2-fly/config/initializers/wrap_parameters.rb": [
        null,
        null,
        null,
        null,
        null,
        null,
        1,
        2,
        null,
        null,
        null,
        null,
        null,
        null
      ],
      "/Users/Victor/Desktop/Desktop/Ruby Workspace/checkpoint-2-fly/app/helpers/application_helper.rb": [
        1,
        null
      ],
      "/Users/Victor/Desktop/Desktop/Ruby Workspace/checkpoint-2-fly/app/helpers/bookings_helper.rb": [
        1,
        1,
        88,
        null,
        null
      ],
      "/Users/Victor/Desktop/Desktop/Ruby Workspace/checkpoint-2-fly/app/helpers/flights_helper.rb": [
        1,
        1,
        1,
        8,
        8,
        8,
        8,
        null,
        null,
        1,
        null,
        1,
        8,
        7,
        2,
        null,
        null,
        1,
        null,
        null
      ],
      "/Users/Victor/Desktop/Desktop/Ruby Workspace/checkpoint-2-fly/app/helpers/messages.rb": [
        1,
        1,
        6,
        null,
        null,
        1,
        10,
        null,
        null,
        1,
        2,
        null,
        null,
        1,
        5,
        null,
        null,
        1,
        1,
        null,
        null,
        1,
        2,
        null,
        null,
        1,
        1,
        null,
        null,
        1,
        3,
        null,
        null,
        1,
        6,
        null,
        null,
        1,
        3,
        null,
        null,
        1,
        4,
        null,
        null,
        1,
        8,
        null,
        null,
        1,
        6,
        null,
        null
      ],
      "/Users/Victor/Desktop/Desktop/Ruby Workspace/checkpoint-2-fly/app/helpers/pages_helper.rb": [
        1,
        null
      ],
      "/Users/Victor/Desktop/Desktop/Ruby Workspace/checkpoint-2-fly/app/helpers/passengers_helper.rb": [
        1,
        null
      ],
      "/Users/Victor/Desktop/Desktop/Ruby Workspace/checkpoint-2-fly/app/helpers/users_helper.rb": [
        1,
        null
      ],
      "/Users/Victor/Desktop/Desktop/Ruby Workspace/checkpoint-2-fly/spec/factories/airlines.rb": [
        1,
        1,
        62,
        62,
        62,
        null,
        null
      ],
      "/Users/Victor/Desktop/Desktop/Ruby Workspace/checkpoint-2-fly/spec/factories/airports.rb": [
        1,
        1,
        21,
        57,
        57,
        55,
        57,
        57,
        null,
        null
      ],
      "/Users/Victor/Desktop/Desktop/Ruby Workspace/checkpoint-2-fly/spec/factories/bookings.rb": [
        1,
        1,
        49,
        37,
        49,
        39,
        1,
        1,
        null,
        null
      ],
      "/Users/Victor/Desktop/Desktop/Ruby Workspace/checkpoint-2-fly/spec/factories/flights.rb": [
        1,
        1,
        54,
        54,
        1,
        1,
        1,
        1,
        null,
        1,
        null,
        null
      ],
      "/Users/Victor/Desktop/Desktop/Ruby Workspace/checkpoint-2-fly/spec/factories/passengers.rb": [
        1,
        1,
        19,
        19,
        19,
        19,
        1,
        null,
        null
      ],
      "/Users/Victor/Desktop/Desktop/Ruby Workspace/checkpoint-2-fly/spec/factories/users.rb": [
        1,
        1,
        65,
        65,
        63,
        1,
        1,
        null,
        null
      ],
      "/Users/Victor/Desktop/Desktop/Ruby Workspace/checkpoint-2-fly/config/routes.rb": [
        1,
        1,
        1,
        1,
        1,
        null,
        null,
        1,
        1,
        1,
        1,
        null,
        null,
        1,
        1,
        1,
        1,
        1,
        null,
        null
      ],
      "/Users/Victor/Desktop/Desktop/Ruby Workspace/checkpoint-2-fly/spec/support/helpers.rb": [
        1,
        1,
        20,
        null,
        null,
        null,
        null,
        1,
        4,
        4,
        4,
        4,
        null,
        null,
        1,
        8,
        8,
        8,
        8,
        8,
        null,
        null
      ],
      "/Users/Victor/Desktop/Desktop/Ruby Workspace/checkpoint-2-fly/spec/controllers/bookings_controller_spec.rb": [
        1,
        null,
        1,
        24,
        9,
        5,
        null,
        1,
        1,
        1,
        4,
        4,
        4,
        null,
        null,
        null,
        null,
        null,
        null,
        1,
        1,
        null,
        null,
        1,
        1,
        null,
        null,
        1,
        1,
        null,
        null,
        1,
        1,
        null,
        null,
        null,
        1,
        4,
        null,
        1,
        1,
        null,
        null,
        1,
        1,
        null,
        null,
        1,
        1,
        null,
        null,
        null,
        null,
        1,
        5,
        7,
        null,
        1,
        1,
        4,
        4,
        4,
        null,
        null,
        null,
        null,
        null,
        null,
        null,
        null,
        null,
        null,
        null,
        1,
        2,
        null,
        null,
        1,
        1,
        null,
        null,
        1,
        1,
        null,
        null,
        1,
        1,
        null,
        null,
        null,
        1,
        1,
        2,
        2,
        2,
        null,
        null,
        null,
        null,
        null,
        null,
        null,
        null,
        null,
        1,
        1,
        null,
        null,
        1,
        1,
        null,
        null,
        null,
        null,
        1,
        4,
        null,
        1,
        1,
        null,
        null,
        1,
        1,
        null,
        null,
        1,
        1,
        null,
        null,
        null,
        1,
        1,
        3,
        3,
        null,
        null,
        1,
        1,
        null,
        null,
        1,
        1,
        null,
        null,
        1,
        1,
        null,
        null,
        null,
        1,
        6,
        null,
        1,
        1,
        3,
        3,
        3,
        3,
        null,
        null,
        null,
        null,
        null,
        null,
        null,
        null,
        null,
        null,
        null,
        null,
        1,
        1,
        null,
        null,
        1,
        1,
        null,
        null,
        1,
        1,
        null,
        null,
        null,
        1,
        1,
        2,
        2,
        2,
        2,
        null,
        null,
        null,
        null,
        null,
        null,
        null,
        null,
        null,
        null,
        null,
        null,
        1,
        1,
        null,
        null,
        1,
        1,
        null,
        null,
        null,
        null,
        1,
        5,
        1,
        4,
        4,
        null,
        null,
        1,
        1,
        null,
        null,
        1,
        1,
        null,
        null,
        1,
        1,
        null,
        null,
        1,
        1,
        null,
        null,
        null,
        1,
        1,
        7,
        null,
        null,
        1,
        1,
        null,
        null,
        1,
        1,
        null,
        null,
        1,
        1,
        null,
        null,
        1,
        1,
        1,
        null,
        null,
        null,
        1,
        2,
        null,
        1,
        1,
        1,
        null,
        null,
        1,
        1,
        null,
        null,
        null,
        1,
        1,
        2,
        null,
        null,
        1,
        1,
        null,
        null,
        1,
        1,
        null,
        null,
        null,
        null
      ],
      "/Users/Victor/Desktop/Desktop/Ruby Workspace/checkpoint-2-fly/app/controllers/bookings_controller.rb": [
        1,
        1,
        1,
        1,
        null,
        1,
        11,
        11,
        8,
        12,
        null,
        3,
        3,
        null,
        null,
        null,
        1,
        9,
        9,
        9,
        6,
        6,
        6,
        null,
        3,
        3,
        3,
        null,
        null,
        null,
        1,
        null,
        null,
        1,
        null,
        null,
        1,
        5,
        3,
        3,
        3,
        null,
        2,
        2,
        2,
        null,
        null,
        null,
        1,
        4,
        4,
        4,
        null,
        null,
        1,
        12,
        9,
        1,
        null,
        8,
        8,
        null,
        null,
        null,
        3,
        3,
        null,
        null,
        null,
        1,
        null,
        1,
        18,
        null,
        null,
        1,
        12,
        12,
        null,
        null,
        1,
        9,
        null,
        null,
        1,
        null,
        33,
        null,
        null,
        null,
        null
      ],
      "/Users/Victor/Desktop/Desktop/Ruby Workspace/checkpoint-2-fly/app/controllers/application_controller.rb": [
        1,
        1,
        1,
        null,
        1,
        null,
        1,
        5,
        null,
        null,
        1,
        103,
        null,
        null,
        1,
        16,
        null,
        null,
        null
      ],
      "/Users/Victor/Desktop/Desktop/Ruby Workspace/checkpoint-2-fly/spec/controllers/flights_controller_spec.rb": [
        1,
        null,
        1,
        1,
        4,
        null,
        1,
        1,
        1,
        null,
        null,
        1,
        1,
        null,
        null,
        1,
        1,
        null,
        null,
        null,
        1,
        3,
        null,
        1,
        2,
        null,
        null,
        null,
        null,
        null,
        null,
        null,
        1,
        1,
        null,
        null,
        1,
        1,
        null,
        null,
        null
      ],
      "/Users/Victor/Desktop/Desktop/Ruby Workspace/checkpoint-2-fly/app/controllers/flights_controller.rb": [
        1,
        1,
        18,
        null,
        null,
        1,
        10,
        10,
        10,
        null,
        null,
        null
      ],
      "/Users/Victor/Desktop/Desktop/Ruby Workspace/checkpoint-2-fly/spec/controllers/sessions_controller_spec.rb": [
        1,
        null,
        1,
        10,
        null,
        1,
        3,
        1,
        1,
        null,
        null,
        1,
        1,
        null,
        null,
        null,
        1,
        1,
        5,
        null,
        null,
        null,
        null,
        1,
        1,
        null,
        null,
        1,
        1,
        null,
        null,
        1,
        1,
        2,
        null,
        null,
        null,
        null,
        1,
        1,
        null,
        null,
        1,
        1,
        null,
        null,
        null,
        1,
        1,
        1,
        null,
        null,
        null,
        null,
        1,
        1,
        null,
        null,
        null,
        null,
        1,
        1,
        4,
        4,
        null,
        null,
        1,
        1,
        null,
        null,
        1,
        1,
        null,
        null,
        1,
        1,
        null,
        null,
        1,
        1,
        null,
        null,
        null
      ],
      "/Users/Victor/Desktop/Desktop/Ruby Workspace/checkpoint-2-fly/app/controllers/sessions_controller.rb": [
        1,
        1,
        null,
        null,
        1,
        12,
        12,
        10,
        10,
        10,
        null,
        2,
        2,
        null,
        null,
        null,
        1,
        5,
        5,
        5,
        5,
        null,
        null
      ],
      "/Users/Victor/Desktop/Desktop/Ruby Workspace/checkpoint-2-fly/spec/controllers/users_controller_spec.rb": [
        1,
        null,
        1,
        1,
        4,
        null,
        1,
        1,
        null,
        null,
        1,
        1,
        null,
        null,
        1,
        1,
        null,
        null,
        null,
        1,
        6,
        1,
        1,
        5,
        null,
        null,
        null,
        null,
        null,
        null,
        null,
        null,
        null,
        1,
        2,
        null,
        null,
        1,
        1,
        1,
        null,
        null,
        1,
        1,
        1,
        1,
        null,
        null,
        1,
        1,
        1,
        null,
        null,
        1,
        1,
        1,
        null,
        null,
        null,
        1,
        1,
        2,
        null,
        null,
        null,
        null,
        1,
        1,
        null,
        null,
        1,
        1,
        null,
        null,
        null,
        null,
        1,
        4,
        null,
        1,
        3,
        3,
        null,
        null,
        1,
        1,
        null,
        null,
        1,
        1,
        null,
        null,
        1,
        1,
        null,
        null,
        null
      ],
      "/Users/Victor/Desktop/Desktop/Ruby Workspace/checkpoint-2-fly/app/controllers/users_controller.rb": [
        1,
        1,
        1,
        7,
        null,
        null,
        1,
        10,
        10,
        6,
        6,
        6,
        null,
        4,
        null,
        null,
        null,
        1,
        4,
        null,
        null,
        1,
        null,
        1,
        10,
        null,
        null,
        null
      ],
      "/Users/Victor/Desktop/Desktop/Ruby Workspace/checkpoint-2-fly/spec/features/book_flight_spec.rb": [
        1,
        null,
        1,
        1,
        4,
        4,
        4,
        4,
        null,
        null,
        null,
        null,
        null,
        null,
        1,
        1,
        1,
        null,
        null,
        1,
        1,
        1,
        1,
        null,
        null,
        1,
        1,
        1,
        1,
        1,
        1,
        null,
        null,
        1,
        1,
        1,
        1,
        1,
        1,
        1,
        1,
        null,
        null,
        1,
        3,
        3,
        3,
        3,
        3,
        null,
        null,
        1,
        4,
        4,
        4,
        null,
        null
      ],
      "/Users/Victor/Desktop/Desktop/Ruby Workspace/checkpoint-2-fly/spec/features/manage_booking_spec.rb": [
        1,
        null,
        1,
        1,
        3,
        3,
        3,
        3,
        3,
        null,
        null,
        1,
        1,
        1,
        1,
        null,
        null,
        1,
        1,
        1,
        1,
        1,
        1,
        null,
        null,
        1,
        1,
        1,
        1,
        1,
        null,
        null
      ],
      "/Users/Victor/Desktop/Desktop/Ruby Workspace/checkpoint-2-fly/spec/features/search_flight_spec.rb": [
        1,
        null,
        1,
        1,
        4,
        4,
        4,
        null,
        null,
        null,
        null,
        null,
        null,
        1,
        1,
        1,
        null,
        null,
        1,
        1,
        1,
        null,
        null,
        null,
        null,
        1,
        1,
        1,
        null,
        null,
        null,
        null,
        1,
        1,
        1,
        null,
        null,
        null,
        null
      ],
      "/Users/Victor/Desktop/Desktop/Ruby Workspace/checkpoint-2-fly/spec/features/user_login_spec.rb": [
        1,
        null,
        1,
        2,
        null,
        1,
        1,
        1,
        1,
        null,
        null,
        1,
        1,
        1,
        null,
        null
      ],
      "/Users/Victor/Desktop/Desktop/Ruby Workspace/checkpoint-2-fly/spec/features/user_logout_spec.rb": [
        1,
        null,
        1,
        2,
        null,
        1,
        1,
        1,
        1,
        1,
        null,
        null
      ],
      "/Users/Victor/Desktop/Desktop/Ruby Workspace/checkpoint-2-fly/spec/features/user_signup_spec.rb": [
        1,
        null,
        1,
        2,
        3,
        null,
        1,
        1,
        1,
        1,
        1,
        1,
        1,
        null,
        null,
        1,
        1,
        null,
        1,
        1,
        null,
        null,
        1,
        1,
        null,
        null,
        1,
        null,
        null,
        1,
        1,
        1,
        1,
        1,
        1,
        1,
        1,
        1,
        null,
        null,
        1,
        3,
        3,
        3,
        3,
        3,
        3,
        3,
        null,
        null
      ],
      "/Users/Victor/Desktop/Desktop/Ruby Workspace/checkpoint-2-fly/spec/models/airline_spec.rb": [
        1,
        null,
        1,
        2,
        2,
        2,
        2,
        null
      ],
      "/Users/Victor/Desktop/Desktop/Ruby Workspace/checkpoint-2-fly/app/models/airline.rb": [
        1,
        1,
        1,
        1,
        null
      ],
      "/Users/Victor/Desktop/Desktop/Ruby Workspace/checkpoint-2-fly/app/models/application_record.rb": [
        1,
        1,
        1,
        null
      ],
      "/Users/Victor/Desktop/Desktop/Ruby Workspace/checkpoint-2-fly/spec/models/airport_spec.rb": [
        1,
        null,
        1,
        2,
        2,
        2,
        2,
        2,
        2,
        2,
        null,
        1,
        1,
        1,
        1,
        null,
        1,
        null,
        null,
        null,
        1,
        1,
        1,
        1,
        1,
        1,
        null,
        null,
        null
      ],
      "/Users/Victor/Desktop/Desktop/Ruby Workspace/checkpoint-2-fly/app/models/airport.rb": [
        1,
        1,
        1,
        null,
        null,
        1,
        20,
        null,
        null,
        null,
        1,
        57,
        null,
        null
      ],
      "/Users/Victor/Desktop/Desktop/Ruby Workspace/checkpoint-2-fly/spec/models/booking_spec.rb": [
        1,
        null,
        1,
        2,
        2,
        2,
        2,
        null,
        1,
        1,
        1,
        1,
        1,
        1,
        1,
        null,
        null,
        null,
        1,
        1,
        1,
        1,
        1,
        null,
        null,
        null,
        1,
        1,
        1,
        1,
        1,
        null,
        null,
        null,
        null
      ],
      "/Users/Victor/Desktop/Desktop/Ruby Workspace/checkpoint-2-fly/app/models/booking.rb": [
        1,
        1,
        1,
        1,
        1,
        1,
        1,
        1,
        null,
        null,
        null,
        1,
        1,
        null,
        1,
        83,
        null,
        null,
        null,
        1,
        83,
        null,
        null,
        1,
        2,
        null,
        null
      ],
      "/Users/Victor/Desktop/Desktop/Ruby Workspace/checkpoint-2-fly/spec/models/flight_spec.rb": [
        1,
        null,
        1,
        2,
        2,
        2,
        2,
        2,
        2,
        2,
        2,
        null
      ],
      "/Users/Victor/Desktop/Desktop/Ruby Workspace/checkpoint-2-fly/app/models/flight.rb": [
        1,
        1,
        1,
        null,
        null,
        null,
        null,
        null,
        null,
        1,
        1,
        null,
        1,
        24,
        null,
        null,
        1,
        24,
        null,
        null,
        1,
        105,
        null,
        null,
        1,
        33,
        null,
        null,
        null,
        null,
        1,
        22,
        null,
        null,
        1,
        10,
        0,
        null,
        10,
        null,
        null,
        null
      ],
      "/Users/Victor/Desktop/Desktop/Ruby Workspace/checkpoint-2-fly/spec/models/passenger_spec.rb": [
        1,
        null,
        1,
        2,
        2,
        2,
        2,
        null
      ],
      "/Users/Victor/Desktop/Desktop/Ruby Workspace/checkpoint-2-fly/app/models/passenger.rb": [
        1,
        1,
        null,
        null,
        null,
        null,
        1,
        null
      ],
      "/Users/Victor/Desktop/Desktop/Ruby Workspace/checkpoint-2-fly/spec/models/user_spec.rb": [
        1,
        null,
        1,
        2,
        2,
        2,
        2,
        null
      ],
      "/Users/Victor/Desktop/Desktop/Ruby Workspace/checkpoint-2-fly/app/models/user.rb": [
        1,
        1,
        1,
        null,
        null,
        null,
        1,
        1,
        null,
        null,
        null,
        null,
        1,
        null,
        1,
        null,
        1,
        25,
        null,
        null,
        1,
        4,
        3,
        3,
        3,
        3,
        null,
        null,
        null
      ],
      "/Users/Victor/Desktop/Desktop/Ruby Workspace/checkpoint-2-fly/app/mailers/booking_mailer.rb": [
        1,
        1,
        null,
        1,
        9,
        9,
        null,
        null
      ],
      "/Users/Victor/Desktop/Desktop/Ruby Workspace/checkpoint-2-fly/app/mailers/application_mailer.rb": [
        1,
        1,
        1,
        null
      ]
    },
    "timestamp": 1479298851
  }
}
