{
  "RSpec": {
    "coverage": {
      "/Users/Victor/Desktop/Ruby Workspace/checkpoint-2-fly/spec/rails_helper.rb": [
        null,
        1,
        1,
        null,
        1,
        1,
        1,
        1,
        1,
        null,
        null,
        null,
        null,
        null,
        null,
        null,
        null,
        null,
        null,
        null,
        null,
        null,
        null,
        null,
        null,
        null,
        null,
        null,
        1,
        null,
        1,
        null,
        1,
        null,
        null,
        null,
        null,
        1,
        1,
        null,
        1,
        1,
        1,
        null,
        1,
        null,
        null,
        null,
        null,
        null,
        null,
        null,
        null,
        null,
        null,
        null,
        null,
        null,
        null,
        null,
        null,
        null,
        1,
        null,
        null,
        1,
        null,
        null,
        null,
        1
      ],
      "/Users/Victor/Desktop/Ruby Workspace/checkpoint-2-fly/config/environment.rb": [
        null,
        1,
        null,
        null,
        1
      ],
      "/Users/Victor/Desktop/Ruby Workspace/checkpoint-2-fly/config/application.rb": [
        1,
        null,
        1,
        null,
        null,
        null,
        1,
        null,
        1,
        1,
        null,
        null,
        null,
        1,
        0,
        null,
        null,
        1,
        1,
        null,
        null,
        null,
        null,
        null,
        null,
        1,
        null,
        null,
        null,
        null
      ],
      "/Users/Victor/Desktop/Ruby Workspace/checkpoint-2-fly/config/boot.rb": [
        1,
        null,
        1
      ],
      "/Users/Victor/Desktop/Ruby Workspace/checkpoint-2-fly/config/environments/test.rb": [
        1,
        null,
        null,
        null,
        null,
        null,
        null,
        1,
        null,
        null,
        null,
        null,
        1,
        null,
        null,
        1,
        1,
        null,
        null,
        null,
        null,
        1,
        1,
        null,
        null,
        1,
        null,
        null,
        1,
        1,
        null,
        null,
        null,
        null,
        1,
        null,
        null,
        1,
        null,
        null,
        null,
        null
      ],
      "/Users/Victor/Desktop/Ruby Workspace/checkpoint-2-fly/config/initializers/application_controller_renderer.rb": [
        null,
        null,
        null,
        null,
        null,
        null
      ],
      "/Users/Victor/Desktop/Ruby Workspace/checkpoint-2-fly/config/initializers/assets.rb": [
        null,
        null,
        null,
        1,
        null,
        null,
        null,
        null,
        null,
        null,
        null
      ],
      "/Users/Victor/Desktop/Ruby Workspace/checkpoint-2-fly/config/initializers/backtrace_silencers.rb": [
        null,
        null,
        null,
        null,
        null,
        null,
        null
      ],
      "/Users/Victor/Desktop/Ruby Workspace/checkpoint-2-fly/config/initializers/cookies_serializer.rb": [
        null,
        null,
        null,
        null,
        1
      ],
      "/Users/Victor/Desktop/Ruby Workspace/checkpoint-2-fly/config/initializers/filter_parameter_logging.rb": [
        null,
        null,
        null,
        1
      ],
      "/Users/Victor/Desktop/Ruby Workspace/checkpoint-2-fly/config/initializers/inflections.rb": [
        null,
        null,
        null,
        null,
        null,
        null,
        null,
        null,
        null,
        null,
        null,
        null,
        null,
        null,
        null,
        null
      ],
      "/Users/Victor/Desktop/Ruby Workspace/checkpoint-2-fly/config/initializers/mime_types.rb": [
        null,
        null,
        null,
        null
      ],
      "/Users/Victor/Desktop/Ruby Workspace/checkpoint-2-fly/config/initializers/new_framework_defaults.rb": [
        null,
        null,
        null,
        null,
        null,
        null,
        null,
        1,
        null,
        null,
        1,
        null,
        null,
        null,
        1,
        null,
        null,
        1,
        null,
        null,
        1,
        null,
        null,
        1
      ],
      "/Users/Victor/Desktop/Ruby Workspace/checkpoint-2-fly/config/initializers/session_store.rb": [
        null,
        null,
        1
      ],
      "/Users/Victor/Desktop/Ruby Workspace/checkpoint-2-fly/config/initializers/wrap_parameters.rb": [
        null,
        null,
        null,
        null,
        null,
        null,
        1,
        2,
        null,
        null,
        null,
        null,
        null,
        null
      ],
      "/Users/Victor/Desktop/Ruby Workspace/checkpoint-2-fly/app/helpers/application_helper.rb": [
        1,
        null
      ],
      "/Users/Victor/Desktop/Ruby Workspace/checkpoint-2-fly/app/helpers/bookings_helper.rb": [
        1,
        1,
        54,
        null,
        null
      ],
      "/Users/Victor/Desktop/Ruby Workspace/checkpoint-2-fly/app/helpers/flights_helper.rb": [
        1,
        null
      ],
      "/Users/Victor/Desktop/Ruby Workspace/checkpoint-2-fly/app/helpers/pages_helper.rb": [
        1,
        null
      ],
      "/Users/Victor/Desktop/Ruby Workspace/checkpoint-2-fly/app/helpers/passengers_helper.rb": [
        1,
        null
      ],
      "/Users/Victor/Desktop/Ruby Workspace/checkpoint-2-fly/app/helpers/users_helper.rb": [
        1,
        1,
        0,
        0,
        0,
        null,
        null
      ],
      "/Users/Victor/Desktop/Ruby Workspace/checkpoint-2-fly/spec/factories/airlines.rb": [
        1,
        1,
        35,
        1,
        1,
        null,
        null
      ],
      "/Users/Victor/Desktop/Ruby Workspace/checkpoint-2-fly/spec/factories/airports.rb": [
        1,
        1,
        1,
        1,
        1,
        1,
        1,
        1,
        null,
        null
      ],
      "/Users/Victor/Desktop/Ruby Workspace/checkpoint-2-fly/spec/factories/bookings.rb": [
        1,
        1,
        35,
        1,
        1,
        1,
        1,
        null,
        null
      ],
      "/Users/Victor/Desktop/Ruby Workspace/checkpoint-2-fly/spec/factories/flights.rb": [
        1,
        1,
        35,
        35,
        1,
        1,
        1,
        1,
        1,
        null,
        null
      ],
      "/Users/Victor/Desktop/Ruby Workspace/checkpoint-2-fly/spec/factories/passengers.rb": [
        1,
        1,
        1,
        1,
        1,
        1,
        1,
        null,
        null
      ],
      "/Users/Victor/Desktop/Ruby Workspace/checkpoint-2-fly/spec/factories/users.rb": [
        1,
        1,
        5,
        5,
        5,
        1,
        1,
        null,
        null
      ],
      "/Users/Victor/Desktop/Ruby Workspace/checkpoint-2-fly/config/routes.rb": [
        1,
        1,
        1,
        1,
        1,
        null,
        null,
        1,
        1,
        1,
        1,
        null,
        null,
        1,
        1,
        1,
        1,
        1,
        null,
        null
      ],
      "/Users/Victor/Desktop/Ruby Workspace/checkpoint-2-fly/spec/support/helpers.rb": [
        1,
        1,
        12,
        null,
        null,
        null,
        null,
        1,
        0,
        0,
        0,
        0,
        null,
        null,
        1,
        0,
        0,
        0,
        0,
        0,
        0,
        0,
        0,
        0,
        0,
        0,
        null,
        null
      ],
      "/Users/Victor/Desktop/Ruby Workspace/checkpoint-2-fly/spec/controllers/bookings_controller_spec.rb": [
        1,
        null,
        1,
        24,
        null,
        1,
        6,
        null,
        1,
        1,
        5,
        null,
        null,
        null,
        null,
        null,
        null,
        1,
        1,
        null,
        null,
        1,
        1,
        null,
        null,
        1,
        1,
        null,
        null,
        1,
        1,
        null,
        null,
        1,
        1,
        null,
        null,
        null,
        1,
        4,
        null,
        1,
        1,
        null,
        null,
        1,
        1,
        null,
        null,
        1,
        1,
        null,
        null,
        null,
        null,
        1,
        5,
        7,
        null,
        1,
        1,
        4,
        null,
        null,
        null,
        null,
        null,
        null,
        null,
        null,
        null,
        null,
        null,
        1,
        2,
        null,
        null,
        1,
        1,
        null,
        null,
        1,
        1,
        null,
        null,
        1,
        1,
        null,
        null,
        null,
        1,
        1,
        2,
        null,
        null,
        null,
        null,
        null,
        null,
        null,
        null,
        null,
        1,
        0,
        null,
        null,
        1,
        0,
        null,
        null,
        null,
        null,
        1,
        4,
        null,
        1,
        1,
        null,
        null,
        1,
        1,
        null,
        null,
        1,
        1,
        null,
        null,
        null,
        1,
        1,
        3,
        2,
        null,
        null,
        1,
        1,
        null,
        null,
        1,
        0,
        null,
        null,
        1,
        1,
        null,
        null,
        null,
        1,
        1,
        null,
        1,
        1,
        3,
        3,
        null,
        null,
        null,
        null,
        null,
        null,
        null,
        null,
        null,
        null,
        null,
        null,
        1,
        1,
        null,
        null,
        1,
        1,
        null,
        null,
        1,
        1,
        null,
        null,
        null,
        1,
        1,
        2,
        2,
        null,
        null,
        null,
        null,
        null,
        null,
        null,
        null,
        null,
        null,
        null,
        null,
        1,
        0,
        null,
        null,
        1,
        0,
        null,
        null,
        null,
        null,
        1,
        5,
        1,
        4,
        4,
        null,
        null,
        1,
        0,
        null,
        null,
        1,
        0,
        null,
        null,
        1,
        0,
        null,
        null,
        1,
        0,
        null,
        null,
        null,
        1,
        1,
        7,
        null,
        null,
        1,
        1,
        null,
        null,
        1,
        1,
        null,
        null,
        1,
        1,
        null,
        null,
        1,
        1,
        1,
        null,
        null,
        null,
        1,
        2,
        null,
        1,
        1,
        1,
        null,
        null,
        1,
        0,
        null,
        null,
        null,
        1,
        1,
        2,
        null,
        null,
        1,
        1,
        null,
        null,
        1,
        1,
        null,
        null,
        null,
        null
      ],
      "/Users/Victor/Desktop/Ruby Workspace/checkpoint-2-fly/app/controllers/bookings_controller.rb": [
        1,
        1,
        8,
        8,
        5,
        5,
        null,
        3,
        null,
        null,
        null,
        1,
        6,
        6,
        6,
        4,
        4,
        null,
        2,
        0,
        0,
        null,
        null,
        null,
        1,
        3,
        null,
        null,
        1,
        2,
        null,
        null,
        1,
        5,
        5,
        3,
        3,
        null,
        2,
        0,
        0,
        null,
        null,
        null,
        1,
        4,
        4,
        4,
        null,
        null,
        1,
        9,
        9,
        7,
        0,
        null,
        7,
        null,
        null,
        2,
        2,
        null,
        null,
        null,
        1,
        null,
        1,
        7,
        null,
        null,
        1,
        null,
        21,
        null,
        null,
        null
      ],
      "/Users/Victor/Desktop/Ruby Workspace/checkpoint-2-fly/app/controllers/application_controller.rb": [
        1,
        1,
        1,
        null,
        1,
        7,
        null,
        null,
        1,
        0,
        null,
        null
      ],
      "/Users/Victor/Desktop/Ruby Workspace/checkpoint-2-fly/app/models/flight.rb": [
        1,
        1,
        1,
        null,
        1,
        1,
        null,
        1,
        0,
        null,
        null,
        1,
        0,
        null,
        null,
        1,
        54,
        null,
        null,
        1,
        0,
        null,
        null,
        null,
        null,
        1,
        0,
        null,
        null,
        1,
        0,
        0,
        null,
        0,
        null,
        null,
        null
      ],
      "/Users/Victor/Desktop/Ruby Workspace/checkpoint-2-fly/app/models/application_record.rb": [
        1,
        1,
        null
      ],
      "/Users/Victor/Desktop/Ruby Workspace/checkpoint-2-fly/app/models/airline.rb": [
        1,
        1,
        1,
        1,
        null
      ],
      "/Users/Victor/Desktop/Ruby Workspace/checkpoint-2-fly/app/models/booking.rb": [
        1,
        1,
        1,
        1,
        1,
        1,
        1,
        1,
        null,
        null,
        1,
        1,
        null,
        1,
        54,
        null,
        null,
        1,
        54,
        null,
        null,
        1,
        0,
        null,
        null
      ],
      "/Users/Victor/Desktop/Ruby Workspace/checkpoint-2-fly/app/models/passenger.rb": [
        1,
        1,
        1,
        1,
        null
      ],
      "/Users/Victor/Desktop/Ruby Workspace/checkpoint-2-fly/app/models/user.rb": [
        1,
        1,
        1,
        null,
        null,
        null,
        1,
        1,
        1,
        null,
        null,
        null,
        null,
        1,
        null,
        1,
        null,
        1,
        0,
        null,
        null,
        1,
        0,
        0,
        0,
        0,
        0,
        null,
        null,
        null
      ],
      "/Users/Victor/Desktop/Ruby Workspace/checkpoint-2-fly/app/mailers/booking_mailer.rb": [
        1,
        1,
        null,
        1,
        0,
        0,
        null,
        null
      ],
      "/Users/Victor/Desktop/Ruby Workspace/checkpoint-2-fly/app/mailers/application_mailer.rb": [
        1,
        1,
        1,
        null
      ]
    },
    "timestamp": 1478781942
  }
}
